<?xml version="1.0" encoding="UTF-8"?>
<!-- Generated by org.testng.reporters.JUnitXMLReporter -->
<testsuite hostname="DESKTOP-HG1COQ1" ignored="0" name="Default test" tests="4" failures="0" timestamp="2020-01-16T17:29:16 PST" time="0.067" errors="0">
  <testcase name="method4" time="0.011" classname="rough.Practice2"/>
  <testcase name="method1" time="0.002" classname="rough.Practice2"/>
  <testcase name="method3" time="0.002" classname="rough.Practice2"/>
  <testcase name="method2" time="0.001" classname="rough.Practice2"/>
</testsuite> <!-- Default test -->
